2024-04-17 10:34:09,244:INFO: -------- Dataset Build! --------
2024-04-17 10:34:09,244:INFO: -------- Get Dataloader! --------
2024-04-17 10:42:24,193:INFO: Epoch: 1, loss: 8.576115608215332
2024-04-17 11:25:08,055:INFO: Epoch: 1, Dev loss: 7.696600437164307, Bleu Score: 0.01970561618363855
2024-04-17 11:25:16,261:INFO: -------- Save Best Model! --------
2024-04-17 11:33:14,168:INFO: Epoch: 2, loss: 7.289272308349609
2024-04-17 11:58:40,178:INFO: Epoch: 2, Dev loss: 6.797849655151367, Bleu Score: 0.8908097391175319
2024-04-17 11:58:48,957:INFO: -------- Save Best Model! --------
2024-04-17 12:07:01,263:INFO: Epoch: 3, loss: 6.399250030517578
2024-04-17 12:21:55,842:INFO: Epoch: 3, Dev loss: 5.9332427978515625, Bleu Score: 6.095298803372446
2024-04-17 12:22:06,122:INFO: -------- Save Best Model! --------
2024-04-17 12:30:03,308:INFO: Epoch: 4, loss: 5.529007434844971
2024-04-17 12:43:40,186:INFO: Epoch: 4, Dev loss: 5.040501117706299, Bleu Score: 14.44214184176708
2024-04-17 12:43:49,447:INFO: -------- Save Best Model! --------
2024-04-17 12:51:45,603:INFO: Epoch: 5, loss: 4.682037830352783
2024-04-17 13:04:34,244:INFO: Epoch: 5, Dev loss: 4.351657867431641, Bleu Score: 20.58285168186302
2024-04-17 13:04:42,576:INFO: -------- Save Best Model! --------
2024-04-17 13:12:40,396:INFO: Epoch: 6, loss: 4.0515289306640625
2024-04-17 13:25:28,318:INFO: Epoch: 6, Dev loss: 3.9505650997161865, Bleu Score: 23.347275921331583
2024-04-17 13:25:37,407:INFO: -------- Save Best Model! --------
2024-04-17 13:33:34,714:INFO: Epoch: 7, loss: 3.635765790939331
2024-04-17 13:46:15,575:INFO: Epoch: 7, Dev loss: 3.7470593452453613, Bleu Score: 24.679166545833947
2024-04-17 13:46:26,037:INFO: -------- Save Best Model! --------
2024-04-17 13:54:21,237:INFO: Epoch: 8, loss: 3.319103479385376
2024-04-17 14:07:10,317:INFO: Epoch: 8, Dev loss: 3.5965092182159424, Bleu Score: 25.839600451607517
2024-04-17 14:07:18,711:INFO: -------- Save Best Model! --------
2024-04-17 14:15:14,519:INFO: Epoch: 9, loss: 2.9937870502471924
2024-04-17 14:28:19,512:INFO: Epoch: 9, Dev loss: 3.512192964553833, Bleu Score: 26.508785899067213
2024-04-17 14:28:28,978:INFO: -------- Save Best Model! --------
2024-04-17 14:36:22,589:INFO: Epoch: 10, loss: 2.7127578258514404
2024-04-17 14:48:59,953:INFO: Epoch: 10, Dev loss: 3.4781076908111572, Bleu Score: 26.784546702569294
2024-04-17 14:49:08,731:INFO: -------- Save Best Model! --------
2024-04-17 14:57:04,978:INFO: Epoch: 11, loss: 2.4693992137908936
2024-04-17 15:09:43,927:INFO: Epoch: 11, Dev loss: 3.4759674072265625, Bleu Score: 27.330393649672814
2024-04-17 15:09:54,606:INFO: -------- Save Best Model! --------
2024-04-17 15:17:51,873:INFO: Epoch: 12, loss: 2.254408836364746
2024-04-17 15:30:32,003:INFO: Epoch: 12, Dev loss: 3.5113251209259033, Bleu Score: 27.321408196689376
2024-04-17 15:30:32,027:INFO: Early Stop Left: 4
2024-04-17 15:38:25,787:INFO: Epoch: 13, loss: 2.062457799911499
2024-04-17 15:51:36,414:INFO: Epoch: 13, Dev loss: 3.5710651874542236, Bleu Score: 27.110849874261625
2024-04-17 15:51:36,482:INFO: Early Stop Left: 3
2024-04-17 15:59:32,590:INFO: Epoch: 14, loss: 1.8897188901901245
2024-04-17 16:12:46,209:INFO: Epoch: 14, Dev loss: 3.62756609916687, Bleu Score: 27.16970588323628
2024-04-17 16:12:46,217:INFO: Early Stop Left: 2
2024-04-17 16:20:41,264:INFO: Epoch: 15, loss: 1.7354795932769775
2024-04-17 16:34:07,901:INFO: Epoch: 15, Dev loss: 3.6998398303985596, Bleu Score: 27.29975856865174
2024-04-17 16:34:07,904:INFO: Early Stop Left: 1
2024-04-17 16:42:03,522:INFO: Epoch: 16, loss: 1.597113847732544
2024-04-17 16:55:24,589:INFO: Epoch: 16, Dev loss: 3.7775440216064453, Bleu Score: 27.12535725908511
2024-04-17 16:55:24,592:INFO: Early Stop Left: 0
2024-04-17 16:55:24,592:INFO: -------- Early Stop! --------
2024-04-17 17:22:11,395:INFO: Test loss: 3.4785497188568115,  Bleu Score: 27.18309177272285
