2024-04-16 00:58:08,831:INFO: -------- Dataset Build! --------
2024-04-16 00:58:08,831:INFO: -------- Get Dataloader! --------
2024-04-16 01:06:06,874:INFO: Epoch: 1, loss: 8.096802711486816
2024-04-16 01:10:16,297:INFO: Epoch: 1, Dev loss: 7.883028030395508, Bleu Score: 1.0833815728087132e-05
2024-04-16 01:10:17,776:INFO: -------- Save Best Model! --------
2024-04-16 01:18:13,639:INFO: Epoch: 2, loss: 7.856575012207031
2024-04-16 01:35:56,316:INFO: Epoch: 2, Dev loss: 7.815325736999512, Bleu Score: 0.0003789064419312089
2024-04-16 01:35:57,559:INFO: -------- Save Best Model! --------
2024-04-16 01:43:51,170:INFO: Epoch: 3, loss: 7.815903186798096
2024-04-16 01:45:27,343:INFO: Epoch: 3, Dev loss: 7.896267890930176, Bleu Score: 1.0055493611484507e-06
2024-04-16 01:45:27,344:INFO: Early Stop Left: 4
2024-04-16 01:53:21,054:INFO: Epoch: 4, loss: 7.787068843841553
2024-04-16 01:54:44,167:INFO: Epoch: 4, Dev loss: 7.878849029541016, Bleu Score: 3.561188903470083e-08
2024-04-16 01:54:44,168:INFO: Early Stop Left: 3
2024-04-16 02:02:37,718:INFO: Epoch: 5, loss: 7.77220344543457
2024-04-16 02:03:22,415:INFO: Epoch: 5, Dev loss: 8.097254753112793, Bleu Score: 0.0
2024-04-16 02:03:22,415:INFO: Early Stop Left: 2
2024-04-16 02:11:17,395:INFO: Epoch: 6, loss: 7.770318984985352
2024-04-16 02:12:01,761:INFO: Epoch: 6, Dev loss: 7.953649997711182, Bleu Score: 0.0
2024-04-16 02:12:01,761:INFO: Early Stop Left: 1
2024-04-16 02:19:56,614:INFO: Epoch: 7, loss: 7.769922733306885
2024-04-16 02:20:41,030:INFO: Epoch: 7, Dev loss: 8.174199104309082, Bleu Score: 0.0
2024-04-16 02:20:41,030:INFO: Early Stop Left: 0
2024-04-16 02:20:41,030:INFO: -------- Early Stop! --------
2024-04-16 02:56:58,500:INFO: Test loss: 7.812775611877441,  Bleu Score: 0.0004504833126349352
