2024-04-16 00:58:02,312:INFO: -------- Dataset Build! --------
2024-04-16 00:58:02,312:INFO: -------- Get Dataloader! --------
2024-04-16 01:06:05,067:INFO: Epoch: 1, loss: 7.467494964599609
2024-04-16 01:34:21,315:INFO: Epoch: 1, Dev loss: 7.1632304191589355, Bleu Score: 0.07835823801476635
2024-04-16 01:34:22,525:INFO: -------- Save Best Model! --------
2024-04-16 01:42:21,586:INFO: Epoch: 2, loss: 7.083101272583008
2024-04-16 02:01:14,702:INFO: Epoch: 2, Dev loss: 7.078624725341797, Bleu Score: 0.21262064708646172
2024-04-16 02:01:15,968:INFO: -------- Save Best Model! --------
2024-04-16 02:09:15,688:INFO: Epoch: 3, loss: 7.1271138191223145
2024-04-16 02:37:33,492:INFO: Epoch: 3, Dev loss: 7.132510662078857, Bleu Score: 0.12267857900662418
2024-04-16 02:37:33,493:INFO: Early Stop Left: 4
2024-04-16 02:45:33,496:INFO: Epoch: 4, loss: 7.151118278503418
2024-04-16 03:12:46,867:INFO: Epoch: 4, Dev loss: 7.179498195648193, Bleu Score: 0.013797808935676224
2024-04-16 03:12:46,868:INFO: Early Stop Left: 3
2024-04-16 03:20:45,588:INFO: Epoch: 5, loss: 7.079287528991699
2024-04-16 03:50:10,928:INFO: Epoch: 5, Dev loss: 7.163310527801514, Bleu Score: 0.006801636331752792
2024-04-16 03:50:10,928:INFO: Early Stop Left: 2
2024-04-16 03:58:09,698:INFO: Epoch: 6, loss: 7.061563491821289
2024-04-16 04:27:06,917:INFO: Epoch: 6, Dev loss: 7.151453971862793, Bleu Score: 0.059445187828740885
2024-04-16 04:27:06,918:INFO: Early Stop Left: 1
2024-04-16 04:35:05,272:INFO: Epoch: 7, loss: 7.0442938804626465
2024-04-16 04:57:08,158:INFO: Epoch: 7, Dev loss: 7.1223554611206055, Bleu Score: 0.028983953668081704
2024-04-16 04:57:08,158:INFO: Early Stop Left: 0
2024-04-16 04:57:08,159:INFO: -------- Early Stop! --------
2024-04-16 05:35:04,638:INFO: Test loss: 7.081768035888672,  Bleu Score: 0.21873196073571397
