2024-04-16 10:41:44,892:INFO: -------- Dataset Build! --------
2024-04-16 10:41:44,892:INFO: -------- Get Dataloader! --------
2024-04-16 10:49:51,168:INFO: Epoch: 1, loss: 7.9225006103515625
2024-04-16 11:06:41,783:INFO: Epoch: 1, Dev loss: 7.393874168395996, Bleu Score: 0.06840956997806363
2024-04-16 11:06:42,812:INFO: -------- Save Best Model! --------
2024-04-16 11:14:40,664:INFO: Epoch: 2, loss: 7.105508327484131
2024-04-16 11:24:40,816:INFO: Epoch: 2, Dev loss: 6.785837173461914, Bleu Score: 0.9239203871674309
2024-04-16 11:24:41,890:INFO: -------- Save Best Model! --------
2024-04-16 11:32:40,319:INFO: Epoch: 3, loss: 6.546738147735596
2024-04-16 11:42:49,319:INFO: Epoch: 3, Dev loss: 6.301392078399658, Bleu Score: 2.913275099054851
2024-04-16 11:42:51,194:INFO: -------- Save Best Model! --------
2024-04-16 11:50:49,303:INFO: Epoch: 4, loss: 6.090982437133789
2024-04-16 11:59:27,819:INFO: Epoch: 4, Dev loss: 5.882329940795898, Bleu Score: 5.715776448215411
2024-04-16 11:59:29,040:INFO: -------- Save Best Model! --------
2024-04-16 12:07:26,190:INFO: Epoch: 5, loss: 5.6827287673950195
2024-04-16 12:14:45,552:INFO: Epoch: 5, Dev loss: 5.523928165435791, Bleu Score: 8.77356128226686
2024-04-16 12:14:46,659:INFO: -------- Save Best Model! --------
2024-04-16 12:22:44,795:INFO: Epoch: 6, loss: 5.297192573547363
2024-04-16 12:31:14,957:INFO: Epoch: 6, Dev loss: 5.163574695587158, Bleu Score: 13.008310314078978
2024-04-16 12:31:17,063:INFO: -------- Save Best Model! --------
2024-04-16 12:39:14,899:INFO: Epoch: 7, loss: 4.943334102630615
2024-04-16 12:46:36,966:INFO: Epoch: 7, Dev loss: 4.859631061553955, Bleu Score: 15.316247045400782
2024-04-16 12:46:40,470:INFO: -------- Save Best Model! --------
2024-04-16 12:54:39,262:INFO: Epoch: 8, loss: 4.628475666046143
2024-04-16 13:02:25,940:INFO: Epoch: 8, Dev loss: 4.62068510055542, Bleu Score: 18.121779518374016
2024-04-16 13:02:27,592:INFO: -------- Save Best Model! --------
2024-04-16 13:10:25,030:INFO: Epoch: 9, loss: 4.353532314300537
2024-04-16 13:17:23,405:INFO: Epoch: 9, Dev loss: 4.409677505493164, Bleu Score: 19.51804567390064
2024-04-16 13:17:24,592:INFO: -------- Save Best Model! --------
2024-04-16 13:25:21,235:INFO: Epoch: 10, loss: 4.113108158111572
2024-04-16 13:32:20,874:INFO: Epoch: 10, Dev loss: 4.2399163246154785, Bleu Score: 21.699343586431933
2024-04-16 13:32:23,776:INFO: -------- Save Best Model! --------
2024-04-16 13:40:22,126:INFO: Epoch: 11, loss: 3.902520179748535
2024-04-16 13:47:27,063:INFO: Epoch: 11, Dev loss: 4.094462871551514, Bleu Score: 22.73451727588619
2024-04-16 13:47:28,206:INFO: -------- Save Best Model! --------
2024-04-16 13:55:25,968:INFO: Epoch: 12, loss: 3.717284679412842
2024-04-16 14:02:38,721:INFO: Epoch: 12, Dev loss: 3.9901959896087646, Bleu Score: 23.75155145662113
2024-04-16 14:02:39,910:INFO: -------- Save Best Model! --------
2024-04-16 14:10:38,813:INFO: Epoch: 13, loss: 3.553946018218994
2024-04-16 14:17:51,952:INFO: Epoch: 13, Dev loss: 3.90606427192688, Bleu Score: 24.699611064327023
2024-04-16 14:17:55,716:INFO: -------- Save Best Model! --------
2024-04-16 14:25:54,236:INFO: Epoch: 14, loss: 3.4061875343322754
2024-04-16 14:32:52,016:INFO: Epoch: 14, Dev loss: 3.8308475017547607, Bleu Score: 24.9758649759448
2024-04-16 14:32:55,681:INFO: -------- Save Best Model! --------
2024-04-16 14:40:54,281:INFO: Epoch: 15, loss: 3.2714016437530518
2024-04-16 14:47:40,829:INFO: Epoch: 15, Dev loss: 3.764680862426758, Bleu Score: 25.404474868503776
2024-04-16 14:47:42,753:INFO: -------- Save Best Model! --------
2024-04-16 14:55:40,392:INFO: Epoch: 16, loss: 3.1481659412384033
2024-04-16 15:02:12,729:INFO: Epoch: 16, Dev loss: 3.732518434524536, Bleu Score: 25.661163633930922
2024-04-16 15:02:15,909:INFO: -------- Save Best Model! --------
2024-04-16 15:10:12,927:INFO: Epoch: 17, loss: 3.033400535583496
2024-04-16 15:16:57,164:INFO: Epoch: 17, Dev loss: 3.6901979446411133, Bleu Score: 26.10620242708947
2024-04-16 15:16:58,413:INFO: -------- Save Best Model! --------
2024-04-16 15:24:55,636:INFO: Epoch: 18, loss: 2.925675392150879
2024-04-16 15:31:40,695:INFO: Epoch: 18, Dev loss: 3.6486306190490723, Bleu Score: 26.537056253490704
2024-04-16 15:31:42,662:INFO: -------- Save Best Model! --------
2024-04-16 15:39:41,154:INFO: Epoch: 19, loss: 2.8259692192077637
2024-04-16 15:46:30,610:INFO: Epoch: 19, Dev loss: 3.6263458728790283, Bleu Score: 26.721290540834104
2024-04-16 15:46:32,088:INFO: -------- Save Best Model! --------
2024-04-16 15:54:29,353:INFO: Epoch: 20, loss: 2.7298200130462646
2024-04-16 16:01:00,744:INFO: Epoch: 20, Dev loss: 3.614966869354248, Bleu Score: 26.566318351846913
2024-04-16 16:01:00,744:INFO: Early Stop Left: 4
2024-04-16 16:08:58,632:INFO: Epoch: 21, loss: 2.6392180919647217
2024-04-16 16:15:32,692:INFO: Epoch: 21, Dev loss: 3.60488224029541, Bleu Score: 26.824197473231607
2024-04-16 16:15:33,836:INFO: -------- Save Best Model! --------
2024-04-16 16:23:31,462:INFO: Epoch: 22, loss: 2.551582098007202
2024-04-16 16:30:08,075:INFO: Epoch: 22, Dev loss: 3.5957236289978027, Bleu Score: 26.82776388509578
2024-04-16 16:30:09,542:INFO: -------- Save Best Model! --------
2024-04-16 16:38:05,638:INFO: Epoch: 23, loss: 2.467557430267334
2024-04-16 16:44:41,557:INFO: Epoch: 23, Dev loss: 3.5944929122924805, Bleu Score: 27.00078155268664
2024-04-16 16:44:42,839:INFO: -------- Save Best Model! --------
2024-04-16 16:52:39,337:INFO: Epoch: 24, loss: 2.386216163635254
2024-04-16 16:59:33,435:INFO: Epoch: 24, Dev loss: 3.59598708152771, Bleu Score: 27.304174235536085
2024-04-16 16:59:34,843:INFO: -------- Save Best Model! --------
2024-04-16 17:07:33,150:INFO: Epoch: 25, loss: 2.3074069023132324
2024-04-16 17:14:02,901:INFO: Epoch: 25, Dev loss: 3.6103920936584473, Bleu Score: 26.922047332773754
2024-04-16 17:14:02,901:INFO: Early Stop Left: 4
2024-04-16 17:22:01,280:INFO: Epoch: 26, loss: 2.231285333633423
2024-04-16 17:28:36,533:INFO: Epoch: 26, Dev loss: 3.6141130924224854, Bleu Score: 27.086324497338573
2024-04-16 17:28:36,534:INFO: Early Stop Left: 3
2024-04-16 17:36:33,337:INFO: Epoch: 27, loss: 2.1578783988952637
2024-04-16 17:43:22,311:INFO: Epoch: 27, Dev loss: 3.6295583248138428, Bleu Score: 27.165352150033456
2024-04-16 17:43:22,312:INFO: Early Stop Left: 2
2024-04-16 17:51:20,093:INFO: Epoch: 28, loss: 2.0868611335754395
2024-04-16 17:58:07,836:INFO: Epoch: 28, Dev loss: 3.6496315002441406, Bleu Score: 27.46785397150632
2024-04-16 17:58:09,312:INFO: -------- Save Best Model! --------
2024-04-16 18:06:07,246:INFO: Epoch: 29, loss: 2.0161728858947754
2024-04-16 18:12:38,298:INFO: Epoch: 29, Dev loss: 3.677509069442749, Bleu Score: 26.981191255659983
2024-04-16 18:12:38,298:INFO: Early Stop Left: 4
2024-04-16 18:20:35,159:INFO: Epoch: 30, loss: 1.9478179216384888
2024-04-16 18:27:11,979:INFO: Epoch: 30, Dev loss: 3.6906890869140625, Bleu Score: 26.858931814613914
2024-04-16 18:27:11,979:INFO: Early Stop Left: 3
2024-04-16 18:35:09,773:INFO: Epoch: 31, loss: 1.882623553276062
2024-04-16 18:41:58,739:INFO: Epoch: 31, Dev loss: 3.708350896835327, Bleu Score: 27.15070891578264
2024-04-16 18:41:58,739:INFO: Early Stop Left: 2
2024-04-16 18:49:57,218:INFO: Epoch: 32, loss: 1.818168044090271
2024-04-16 18:56:43,609:INFO: Epoch: 32, Dev loss: 3.741511344909668, Bleu Score: 26.996112687052605
2024-04-16 18:56:43,609:INFO: Early Stop Left: 1
2024-04-16 19:04:41,182:INFO: Epoch: 33, loss: 1.7558172941207886
2024-04-16 19:11:23,785:INFO: Epoch: 33, Dev loss: 3.7712764739990234, Bleu Score: 26.829874322660928
2024-04-16 19:11:23,785:INFO: Early Stop Left: 0
2024-04-16 19:11:23,786:INFO: -------- Early Stop! --------
2024-04-16 19:25:49,037:INFO: Test loss: 3.654526472091675,  Bleu Score: 27.338141425110916
