2024-04-16 21:30:47,877:INFO: -------- Dataset Build! --------
2024-04-16 21:30:47,878:INFO: -------- Get Dataloader! --------
2024-04-16 21:38:47,462:INFO: Epoch: 1, loss: 7.9181742668151855
2024-04-16 22:11:15,679:INFO: Epoch: 1, Dev loss: 7.378040313720703, Bleu Score: 0.15081154802633503
2024-04-16 22:11:16,780:INFO: -------- Save Best Model! --------
2024-04-16 22:19:14,312:INFO: Epoch: 2, loss: 7.1000590324401855
2024-04-16 22:44:12,472:INFO: Epoch: 2, Dev loss: 6.780853271484375, Bleu Score: 1.1007175073197633
2024-04-16 22:44:13,672:INFO: -------- Save Best Model! --------
2024-04-16 22:52:10,234:INFO: Epoch: 3, loss: 6.541528701782227
2024-04-16 23:11:29,850:INFO: Epoch: 3, Dev loss: 6.294827461242676, Bleu Score: 3.1653496522972326
2024-04-16 23:11:31,012:INFO: -------- Save Best Model! --------
2024-04-16 23:19:29,456:INFO: Epoch: 4, loss: 6.0876946449279785
2024-04-16 23:36:06,936:INFO: Epoch: 4, Dev loss: 5.884178638458252, Bleu Score: 6.00609080493074
2024-04-16 23:36:07,978:INFO: -------- Save Best Model! --------
2024-04-16 23:44:04,634:INFO: Epoch: 5, loss: 5.672184944152832
2024-04-17 00:02:01,311:INFO: Epoch: 5, Dev loss: 5.5082621574401855, Bleu Score: 10.028354000293241
2024-04-17 00:02:02,432:INFO: -------- Save Best Model! --------
2024-04-17 00:10:00,843:INFO: Epoch: 6, loss: 5.280697345733643
2024-04-17 00:26:43,459:INFO: Epoch: 6, Dev loss: 5.138329982757568, Bleu Score: 13.439481282683085
2024-04-17 00:26:44,636:INFO: -------- Save Best Model! --------
2024-04-17 00:34:41,912:INFO: Epoch: 7, loss: 4.9252142906188965
2024-04-17 00:50:45,741:INFO: Epoch: 7, Dev loss: 4.848198890686035, Bleu Score: 16.56575997885936
2024-04-17 00:50:46,980:INFO: -------- Save Best Model! --------
2024-04-17 00:58:43,814:INFO: Epoch: 8, loss: 4.613710403442383
2024-04-17 01:13:22,148:INFO: Epoch: 8, Dev loss: 4.597579002380371, Bleu Score: 18.82191971473764
2024-04-17 01:13:23,385:INFO: -------- Save Best Model! --------
2024-04-17 01:21:21,348:INFO: Epoch: 9, loss: 4.342277526855469
2024-04-17 01:35:54,016:INFO: Epoch: 9, Dev loss: 4.400726795196533, Bleu Score: 20.692927111018943
2024-04-17 01:35:55,368:INFO: -------- Save Best Model! --------
2024-04-17 01:43:52,919:INFO: Epoch: 10, loss: 4.105658054351807
2024-04-17 01:57:57,676:INFO: Epoch: 10, Dev loss: 4.2389726638793945, Bleu Score: 22.21137670697551
2024-04-17 01:57:59,281:INFO: -------- Save Best Model! --------
2024-04-17 02:05:57,760:INFO: Epoch: 11, loss: 3.8978703022003174
2024-04-17 02:19:55,106:INFO: Epoch: 11, Dev loss: 4.105668544769287, Bleu Score: 23.59046535357645
2024-04-17 02:19:56,235:INFO: -------- Save Best Model! --------
2024-04-17 02:27:53,811:INFO: Epoch: 12, loss: 3.7145655155181885
2024-04-17 02:42:06,929:INFO: Epoch: 12, Dev loss: 3.994335174560547, Bleu Score: 24.459957156039106
2024-04-17 02:42:08,007:INFO: -------- Save Best Model! --------
2024-04-17 02:50:06,891:INFO: Epoch: 13, loss: 3.5513768196105957
2024-04-17 03:04:09,432:INFO: Epoch: 13, Dev loss: 3.901360511779785, Bleu Score: 25.354363668620326
2024-04-17 03:04:10,428:INFO: -------- Save Best Model! --------
2024-04-17 03:12:07,731:INFO: Epoch: 14, loss: 3.4033796787261963
2024-04-17 03:25:46,759:INFO: Epoch: 14, Dev loss: 3.8389127254486084, Bleu Score: 25.770855535437562
2024-04-17 03:25:47,835:INFO: -------- Save Best Model! --------
2024-04-17 03:33:45,202:INFO: Epoch: 15, loss: 3.2696914672851562
2024-04-17 03:47:25,603:INFO: Epoch: 15, Dev loss: 3.776944398880005, Bleu Score: 25.992825728407375
2024-04-17 03:47:26,729:INFO: -------- Save Best Model! --------
2024-04-17 03:55:25,352:INFO: Epoch: 16, loss: 3.1464476585388184
2024-04-17 04:09:10,643:INFO: Epoch: 16, Dev loss: 3.7233099937438965, Bleu Score: 26.667737402702993
2024-04-17 04:09:11,669:INFO: -------- Save Best Model! --------
2024-04-17 04:17:09,705:INFO: Epoch: 17, loss: 3.0321123600006104
2024-04-17 04:31:02,171:INFO: Epoch: 17, Dev loss: 3.692129135131836, Bleu Score: 26.955182092593933
2024-04-17 04:31:03,222:INFO: -------- Save Best Model! --------
2024-04-17 04:39:01,241:INFO: Epoch: 18, loss: 2.9240474700927734
2024-04-17 04:52:46,045:INFO: Epoch: 18, Dev loss: 3.6572484970092773, Bleu Score: 27.105178928843948
2024-04-17 04:52:47,144:INFO: -------- Save Best Model! --------
2024-04-17 05:00:44,201:INFO: Epoch: 19, loss: 2.8223977088928223
2024-04-17 05:14:39,357:INFO: Epoch: 19, Dev loss: 3.646484613418579, Bleu Score: 27.426440719419674
2024-04-17 05:14:40,409:INFO: -------- Save Best Model! --------
2024-04-17 05:22:37,553:INFO: Epoch: 20, loss: 2.726269006729126
2024-04-17 05:36:22,087:INFO: Epoch: 20, Dev loss: 3.6158008575439453, Bleu Score: 27.59599339033403
2024-04-17 05:36:23,269:INFO: -------- Save Best Model! --------
2024-04-17 05:44:20,632:INFO: Epoch: 21, loss: 2.636021852493286
2024-04-17 05:57:52,521:INFO: Epoch: 21, Dev loss: 3.6090073585510254, Bleu Score: 27.60583095777944
2024-04-17 05:57:53,752:INFO: -------- Save Best Model! --------
2024-04-17 06:05:50,593:INFO: Epoch: 22, loss: 2.5471673011779785
2024-04-17 06:19:38,602:INFO: Epoch: 22, Dev loss: 3.61106276512146, Bleu Score: 27.940190913400407
2024-04-17 06:19:39,662:INFO: -------- Save Best Model! --------
2024-04-17 06:27:37,883:INFO: Epoch: 23, loss: 2.4629015922546387
2024-04-17 06:41:18,991:INFO: Epoch: 23, Dev loss: 3.609250545501709, Bleu Score: 27.765471398148662
2024-04-17 06:41:18,992:INFO: Early Stop Left: 4
2024-04-17 06:49:16,541:INFO: Epoch: 24, loss: 2.3810760974884033
2024-04-17 07:02:47,692:INFO: Epoch: 24, Dev loss: 3.6071152687072754, Bleu Score: 27.86871446700023
2024-04-17 07:02:47,692:INFO: Early Stop Left: 3
2024-04-17 07:10:44,797:INFO: Epoch: 25, loss: 2.3020455837249756
2024-04-17 07:24:41,471:INFO: Epoch: 25, Dev loss: 3.6139941215515137, Bleu Score: 28.000736043199513
2024-04-17 07:24:42,668:INFO: -------- Save Best Model! --------
2024-04-17 07:32:39,752:INFO: Epoch: 26, loss: 2.2266907691955566
2024-04-17 07:45:54,121:INFO: Epoch: 26, Dev loss: 3.6374382972717285, Bleu Score: 27.768483726450008
2024-04-17 07:45:54,122:INFO: Early Stop Left: 4
2024-04-17 07:53:53,213:INFO: Epoch: 27, loss: 2.152479410171509
2024-04-17 08:07:33,263:INFO: Epoch: 27, Dev loss: 3.6463890075683594, Bleu Score: 28.031238227471672
2024-04-17 08:07:34,644:INFO: -------- Save Best Model! --------
2024-04-17 08:15:31,979:INFO: Epoch: 28, loss: 2.0812718868255615
2024-04-17 08:28:43,956:INFO: Epoch: 28, Dev loss: 3.6665592193603516, Bleu Score: 27.59279463491913
2024-04-17 08:28:43,957:INFO: Early Stop Left: 4
2024-04-17 08:36:40,140:INFO: Epoch: 29, loss: 2.011303424835205
2024-04-17 08:50:05,645:INFO: Epoch: 29, Dev loss: 3.6885907649993896, Bleu Score: 27.745532724990763
2024-04-17 08:50:05,645:INFO: Early Stop Left: 3
2024-04-17 08:58:02,878:INFO: Epoch: 30, loss: 1.9439319372177124
2024-04-17 09:11:48,538:INFO: Epoch: 30, Dev loss: 3.7001001834869385, Bleu Score: 28.00525893916586
2024-04-17 09:11:48,538:INFO: Early Stop Left: 2
2024-04-17 09:19:44,737:INFO: Epoch: 31, loss: 1.87739098072052
2024-04-17 09:33:32,520:INFO: Epoch: 31, Dev loss: 3.732485294342041, Bleu Score: 27.965394839591294
2024-04-17 09:33:32,521:INFO: Early Stop Left: 1
2024-04-17 09:41:30,822:INFO: Epoch: 32, loss: 1.8130496740341187
2024-04-17 09:55:05,994:INFO: Epoch: 32, Dev loss: 3.7609663009643555, Bleu Score: 27.797365560543575
2024-04-17 09:55:05,995:INFO: Early Stop Left: 0
2024-04-17 09:55:05,995:INFO: -------- Early Stop! --------
2024-04-17 10:23:29,265:INFO: Test loss: 3.6473188400268555,  Bleu Score: 28.02973774795408
