2024-04-16 00:57:48,782:INFO: -------- Dataset Build! --------
2024-04-16 00:57:48,782:INFO: -------- Get Dataloader! --------
2024-04-16 01:05:50,689:INFO: Epoch: 1, loss: 7.608692646026611
2024-04-16 01:16:00,824:INFO: Epoch: 1, Dev loss: 6.9336090087890625, Bleu Score: 0.6356967720085929
2024-04-16 01:16:01,933:INFO: -------- Save Best Model! --------
2024-04-16 01:23:59,237:INFO: Epoch: 2, loss: 6.5090436935424805
2024-04-16 01:33:40,186:INFO: Epoch: 2, Dev loss: 6.0813117027282715, Bleu Score: 4.196229742226688
2024-04-16 01:33:41,373:INFO: -------- Save Best Model! --------
2024-04-16 01:41:39,238:INFO: Epoch: 3, loss: 5.726559638977051
2024-04-16 01:49:24,819:INFO: Epoch: 3, Dev loss: 5.3728508949279785, Bleu Score: 10.046467099332107
2024-04-16 01:49:26,061:INFO: -------- Save Best Model! --------
2024-04-16 01:57:22,932:INFO: Epoch: 4, loss: 5.040846824645996
2024-04-16 02:04:35,351:INFO: Epoch: 4, Dev loss: 4.783534526824951, Bleu Score: 15.524772113584204
2024-04-16 02:04:36,813:INFO: -------- Save Best Model! --------
2024-04-16 02:12:34,479:INFO: Epoch: 5, loss: 4.472237586975098
2024-04-16 02:19:43,867:INFO: Epoch: 5, Dev loss: 4.361627578735352, Bleu Score: 19.66754580786558
2024-04-16 02:19:44,983:INFO: -------- Save Best Model! --------
2024-04-16 02:27:42,465:INFO: Epoch: 6, loss: 4.029043197631836
2024-04-16 02:34:35,411:INFO: Epoch: 6, Dev loss: 4.080611705780029, Bleu Score: 22.18537734483767
2024-04-16 02:34:36,566:INFO: -------- Save Best Model! --------
2024-04-16 02:42:34,134:INFO: Epoch: 7, loss: 3.6877856254577637
2024-04-16 02:49:30,913:INFO: Epoch: 7, Dev loss: 3.8878653049468994, Bleu Score: 23.9844937708303
2024-04-16 02:49:32,054:INFO: -------- Save Best Model! --------
2024-04-16 02:57:31,193:INFO: Epoch: 8, loss: 3.413784980773926
2024-04-16 03:04:09,888:INFO: Epoch: 8, Dev loss: 3.7529845237731934, Bleu Score: 24.646310055025904
2024-04-16 03:04:11,224:INFO: -------- Save Best Model! --------
2024-04-16 03:12:07,972:INFO: Epoch: 9, loss: 3.1841416358947754
2024-04-16 03:18:42,035:INFO: Epoch: 9, Dev loss: 3.6551353931427, Bleu Score: 25.515610312054644
2024-04-16 03:18:43,228:INFO: -------- Save Best Model! --------
2024-04-16 03:26:40,555:INFO: Epoch: 10, loss: 2.985595226287842
2024-04-16 03:33:28,761:INFO: Epoch: 10, Dev loss: 3.5941364765167236, Bleu Score: 26.229527752180587
2024-04-16 03:33:29,880:INFO: -------- Save Best Model! --------
2024-04-16 03:41:28,366:INFO: Epoch: 11, loss: 2.807995557785034
2024-04-16 03:47:59,684:INFO: Epoch: 11, Dev loss: 3.5634031295776367, Bleu Score: 26.172692668904673
2024-04-16 03:47:59,728:INFO: Early Stop Left: 4
2024-04-16 03:55:57,110:INFO: Epoch: 12, loss: 2.6450612545013428
2024-04-16 04:02:40,551:INFO: Epoch: 12, Dev loss: 3.5346100330352783, Bleu Score: 26.625135421832045
2024-04-16 04:02:41,905:INFO: -------- Save Best Model! --------
2024-04-16 04:10:38,341:INFO: Epoch: 13, loss: 2.4959044456481934
2024-04-16 04:17:29,490:INFO: Epoch: 13, Dev loss: 3.5226550102233887, Bleu Score: 27.032659391105
2024-04-16 04:17:30,488:INFO: -------- Save Best Model! --------
2024-04-16 04:25:28,293:INFO: Epoch: 14, loss: 2.3551251888275146
2024-04-16 04:32:13,876:INFO: Epoch: 14, Dev loss: 3.5358211994171143, Bleu Score: 27.013068768651138
2024-04-16 04:32:13,877:INFO: Early Stop Left: 4
2024-04-16 04:40:09,478:INFO: Epoch: 15, loss: 2.22050142288208
2024-04-16 04:46:54,783:INFO: Epoch: 15, Dev loss: 3.556356191635132, Bleu Score: 26.99482097175828
2024-04-16 04:46:54,784:INFO: Early Stop Left: 3
2024-04-16 04:54:51,469:INFO: Epoch: 16, loss: 2.0950489044189453
2024-04-16 05:01:24,247:INFO: Epoch: 16, Dev loss: 3.5851402282714844, Bleu Score: 26.635844335616515
2024-04-16 05:01:24,248:INFO: Early Stop Left: 2
2024-04-16 05:09:22,002:INFO: Epoch: 17, loss: 1.9752120971679688
2024-04-16 05:16:06,830:INFO: Epoch: 17, Dev loss: 3.6130764484405518, Bleu Score: 26.820819885158258
2024-04-16 05:16:06,831:INFO: Early Stop Left: 1
2024-04-16 05:24:04,675:INFO: Epoch: 18, loss: 1.8607910871505737
2024-04-16 05:30:46,550:INFO: Epoch: 18, Dev loss: 3.6566927433013916, Bleu Score: 26.68587507287238
2024-04-16 05:30:46,550:INFO: Early Stop Left: 0
2024-04-16 05:30:46,551:INFO: -------- Early Stop! --------
2024-04-16 05:45:21,098:INFO: Test loss: 3.529527425765991,  Bleu Score: 26.99210053354143
