2024-04-17 10:33:40,791:INFO: -------- Dataset Build! --------
2024-04-17 10:33:40,791:INFO: -------- Get Dataloader! --------
2024-04-17 10:42:05,676:INFO: Epoch: 1, loss: 6.893564701080322
2024-04-17 11:17:08,661:INFO: Epoch: 1, Dev loss: 6.439150810241699, Bleu Score: 0.12191430134241103
2024-04-17 11:17:13,255:INFO: -------- Save Best Model! --------
2024-04-17 11:25:31,755:INFO: Epoch: 2, loss: 6.189709663391113
2024-04-17 11:48:08,210:INFO: Epoch: 2, Dev loss: 5.91273832321167, Bleu Score: 1.1057408532942998
2024-04-17 11:48:11,933:INFO: -------- Save Best Model! --------
2024-04-17 11:56:32,027:INFO: Epoch: 3, loss: 5.708617687225342
2024-04-17 12:13:29,548:INFO: Epoch: 3, Dev loss: 5.497073650360107, Bleu Score: 3.1960556004149785
2024-04-17 12:13:35,371:INFO: -------- Save Best Model! --------
2024-04-17 12:21:55,508:INFO: Epoch: 4, loss: 5.328436374664307
2024-04-17 12:38:57,724:INFO: Epoch: 4, Dev loss: 5.156519889831543, Bleu Score: 6.274750151009856
2024-04-17 12:39:02,927:INFO: -------- Save Best Model! --------
2024-04-17 12:47:22,486:INFO: Epoch: 5, loss: 4.98274564743042
2024-04-17 13:03:45,447:INFO: Epoch: 5, Dev loss: 4.828578472137451, Bleu Score: 10.241682798578505
2024-04-17 13:03:50,772:INFO: -------- Save Best Model! --------
2024-04-17 13:12:11,619:INFO: Epoch: 6, loss: 4.658239841461182
2024-04-17 13:28:52,715:INFO: Epoch: 6, Dev loss: 4.555194854736328, Bleu Score: 13.892890322142081
2024-04-17 13:29:08,468:INFO: -------- Save Best Model! --------
2024-04-17 13:37:39,878:INFO: Epoch: 7, loss: 4.365353584289551
2024-04-17 13:53:07,139:INFO: Epoch: 7, Dev loss: 4.311649799346924, Bleu Score: 16.58624017212736
2024-04-17 13:53:19,073:INFO: -------- Save Best Model! --------
2024-04-17 14:01:44,658:INFO: Epoch: 8, loss: 4.107690334320068
2024-04-17 14:15:38,885:INFO: Epoch: 8, Dev loss: 4.109506607055664, Bleu Score: 18.481172522224227
2024-04-17 14:15:50,301:INFO: -------- Save Best Model! --------
2024-04-17 14:24:17,578:INFO: Epoch: 9, loss: 3.879366636276245
2024-04-17 14:38:21,956:INFO: Epoch: 9, Dev loss: 3.9348907470703125, Bleu Score: 20.356896315855323
2024-04-17 14:38:34,447:INFO: -------- Save Best Model! --------
2024-04-17 14:46:54,488:INFO: Epoch: 10, loss: 3.679720163345337
2024-04-17 14:59:59,771:INFO: Epoch: 10, Dev loss: 3.803393840789795, Bleu Score: 21.837433337954852
2024-04-17 15:00:05,018:INFO: -------- Save Best Model! --------
2024-04-17 15:08:23,938:INFO: Epoch: 11, loss: 3.503614664077759
2024-04-17 15:22:02,545:INFO: Epoch: 11, Dev loss: 3.6906704902648926, Bleu Score: 23.313630690362974
2024-04-17 15:22:07,726:INFO: -------- Save Best Model! --------
2024-04-17 15:30:27,705:INFO: Epoch: 12, loss: 3.3493854999542236
2024-04-17 15:44:26,930:INFO: Epoch: 12, Dev loss: 3.5917797088623047, Bleu Score: 24.676480863471568
2024-04-17 15:44:31,379:INFO: -------- Save Best Model! --------
2024-04-17 15:52:49,215:INFO: Epoch: 13, loss: 3.2118608951568604
2024-04-17 16:05:57,142:INFO: Epoch: 13, Dev loss: 3.5189433097839355, Bleu Score: 24.98269351268459
2024-04-17 16:06:00,989:INFO: -------- Save Best Model! --------
2024-04-17 16:14:19,550:INFO: Epoch: 14, loss: 3.0867888927459717
2024-04-17 16:28:19,616:INFO: Epoch: 14, Dev loss: 3.4539451599121094, Bleu Score: 25.835456884808995
2024-04-17 16:28:23,989:INFO: -------- Save Best Model! --------
2024-04-17 16:36:41,924:INFO: Epoch: 15, loss: 2.9736008644104004
2024-04-17 16:50:06,566:INFO: Epoch: 15, Dev loss: 3.404428720474243, Bleu Score: 25.977407585929992
2024-04-17 16:50:14,217:INFO: -------- Save Best Model! --------
2024-04-17 16:58:33,240:INFO: Epoch: 16, loss: 2.868793249130249
2024-04-17 17:11:48,933:INFO: Epoch: 16, Dev loss: 3.361811637878418, Bleu Score: 26.51324543920142
2024-04-17 17:11:55,865:INFO: -------- Save Best Model! --------
2024-04-17 17:20:14,070:INFO: Epoch: 17, loss: 2.7727842330932617
2024-04-17 17:33:24,229:INFO: Epoch: 17, Dev loss: 3.332146644592285, Bleu Score: 27.00161225621429
2024-04-17 17:33:29,749:INFO: -------- Save Best Model! --------
2024-04-17 17:41:48,718:INFO: Epoch: 18, loss: 2.6822328567504883
2024-04-17 17:54:53,276:INFO: Epoch: 18, Dev loss: 3.300604820251465, Bleu Score: 26.917497248665516
2024-04-17 17:54:53,295:INFO: Early Stop Left: 4
2024-04-17 18:03:12,317:INFO: Epoch: 19, loss: 2.597358465194702
2024-04-17 18:16:30,156:INFO: Epoch: 19, Dev loss: 3.2808690071105957, Bleu Score: 27.51326951060334
2024-04-17 18:16:31,827:INFO: -------- Save Best Model! --------
2024-04-17 18:24:49,982:INFO: Epoch: 20, loss: 2.5170440673828125
2024-04-17 18:37:53,508:INFO: Epoch: 20, Dev loss: 3.260061740875244, Bleu Score: 27.456741331988784
2024-04-17 18:37:53,524:INFO: Early Stop Left: 4
2024-04-17 18:46:13,374:INFO: Epoch: 21, loss: 2.440645217895508
2024-04-17 18:59:30,196:INFO: Epoch: 21, Dev loss: 3.2525177001953125, Bleu Score: 27.739447101975713
2024-04-17 18:59:32,164:INFO: -------- Save Best Model! --------
2024-04-17 19:07:49,118:INFO: Epoch: 22, loss: 2.3670167922973633
2024-04-17 19:21:09,744:INFO: Epoch: 22, Dev loss: 3.2497801780700684, Bleu Score: 28.104280720537805
2024-04-17 19:21:11,249:INFO: -------- Save Best Model! --------
2024-04-17 19:29:28,490:INFO: Epoch: 23, loss: 2.297800064086914
2024-04-17 19:42:53,601:INFO: Epoch: 23, Dev loss: 3.2340025901794434, Bleu Score: 28.05172607152897
2024-04-17 19:42:53,602:INFO: Early Stop Left: 4
2024-04-17 19:51:11,252:INFO: Epoch: 24, loss: 2.229936122894287
2024-04-17 20:04:22,656:INFO: Epoch: 24, Dev loss: 3.2422802448272705, Bleu Score: 28.06521284715078
2024-04-17 20:04:22,675:INFO: Early Stop Left: 3
2024-04-17 20:12:39,023:INFO: Epoch: 25, loss: 2.166175365447998
2024-04-17 20:26:15,940:INFO: Epoch: 25, Dev loss: 3.2344539165496826, Bleu Score: 28.289991046667076
2024-04-17 20:26:17,092:INFO: -------- Save Best Model! --------
2024-04-17 20:34:34,779:INFO: Epoch: 26, loss: 2.103557825088501
2024-04-17 20:48:02,050:INFO: Epoch: 26, Dev loss: 3.236570358276367, Bleu Score: 28.209989202830222
2024-04-17 20:48:02,051:INFO: Early Stop Left: 4
2024-04-17 20:56:17,725:INFO: Epoch: 27, loss: 2.042912483215332
2024-04-17 21:09:54,117:INFO: Epoch: 27, Dev loss: 3.2473456859588623, Bleu Score: 28.460894339191224
2024-04-17 21:09:55,580:INFO: -------- Save Best Model! --------
2024-04-17 21:18:12,391:INFO: Epoch: 28, loss: 1.986175775527954
2024-04-17 21:31:41,403:INFO: Epoch: 28, Dev loss: 3.249347686767578, Bleu Score: 28.341222944909426
2024-04-17 21:31:41,404:INFO: Early Stop Left: 4
2024-04-17 21:39:58,327:INFO: Epoch: 29, loss: 1.9289984703063965
2024-04-17 21:53:27,817:INFO: Epoch: 29, Dev loss: 3.2673375606536865, Bleu Score: 28.11921815323748
2024-04-17 21:53:27,817:INFO: Early Stop Left: 3
2024-04-17 22:01:45,743:INFO: Epoch: 30, loss: 1.8745460510253906
2024-04-17 22:15:36,254:INFO: Epoch: 30, Dev loss: 3.2773685455322266, Bleu Score: 28.31920237514806
2024-04-17 22:15:36,255:INFO: Early Stop Left: 2
2024-04-17 22:23:55,335:INFO: Epoch: 31, loss: 1.8221490383148193
2024-04-17 22:37:41,924:INFO: Epoch: 31, Dev loss: 3.287815570831299, Bleu Score: 28.301342401946055
2024-04-17 22:37:41,926:INFO: Early Stop Left: 1
2024-04-17 22:46:00,289:INFO: Epoch: 32, loss: 1.7716511487960815
2024-04-17 22:59:34,202:INFO: Epoch: 32, Dev loss: 3.304079532623291, Bleu Score: 28.20803069460304
2024-04-17 22:59:34,203:INFO: Early Stop Left: 0
2024-04-17 22:59:34,203:INFO: -------- Early Stop! --------
2024-04-17 23:28:22,416:INFO: Test loss: 3.253937244415283,  Bleu Score: 28.34098878546616
