2024-04-16 00:57:31,620:INFO: -------- Dataset Build! --------
2024-04-16 00:57:31,620:INFO: -------- Get Dataloader! --------
2024-04-16 01:05:37,361:INFO: Epoch: 1, loss: 8.658928871154785
2024-04-16 01:17:26,931:INFO: Epoch: 1, Dev loss: 8.061613082885742, Bleu Score: 0.00040674709599894176
2024-04-16 01:17:31,716:INFO: -------- Save Best Model! --------
2024-04-16 01:25:29,408:INFO: Epoch: 2, loss: 7.942564964294434
2024-04-16 01:52:37,903:INFO: Epoch: 2, Dev loss: 7.83189582824707, Bleu Score: 0.00021843916131162995
2024-04-16 01:52:37,922:INFO: Early Stop Left: 4
2024-04-16 02:00:44,080:INFO: Epoch: 3, loss: 7.742959976196289
2024-04-16 02:14:46,949:INFO: Epoch: 3, Dev loss: 7.643486976623535, Bleu Score: 0.00922579503640768
2024-04-16 02:14:52,280:INFO: -------- Save Best Model! --------
2024-04-16 02:22:51,534:INFO: Epoch: 4, loss: 7.564022541046143
2024-04-16 02:38:02,170:INFO: Epoch: 4, Dev loss: 7.4680256843566895, Bleu Score: 0.12005052659796354
2024-04-16 02:38:07,879:INFO: -------- Save Best Model! --------
2024-04-16 02:46:05,993:INFO: Epoch: 5, loss: 7.406006336212158
2024-04-16 03:00:59,248:INFO: Epoch: 5, Dev loss: 7.33126163482666, Bleu Score: 0.15516991978925812
2024-04-16 03:01:06,015:INFO: -------- Save Best Model! --------
2024-04-16 03:09:02,492:INFO: Epoch: 6, loss: 7.275415897369385
2024-04-16 03:23:33,430:INFO: Epoch: 6, Dev loss: 7.20995569229126, Bleu Score: 0.28315124918523665
2024-04-16 03:23:37,986:INFO: -------- Save Best Model! --------
2024-04-16 03:31:34,881:INFO: Epoch: 7, loss: 7.156179904937744
2024-04-16 03:44:08,390:INFO: Epoch: 7, Dev loss: 7.100499629974365, Bleu Score: 0.392533295616735
2024-04-16 03:44:12,919:INFO: -------- Save Best Model! --------
2024-04-16 03:52:08,957:INFO: Epoch: 8, loss: 7.039909839630127
2024-04-16 04:03:14,603:INFO: Epoch: 8, Dev loss: 6.982202529907227, Bleu Score: 0.6011960559337166
2024-04-16 04:03:19,215:INFO: -------- Save Best Model! --------
2024-04-16 04:11:15,972:INFO: Epoch: 9, loss: 6.922303676605225
2024-04-16 04:22:09,845:INFO: Epoch: 9, Dev loss: 6.868352890014648, Bleu Score: 0.824177009314786
2024-04-16 04:22:14,675:INFO: -------- Save Best Model! --------
2024-04-16 04:30:12,948:INFO: Epoch: 10, loss: 6.805590629577637
2024-04-16 04:41:02,190:INFO: Epoch: 10, Dev loss: 6.759639263153076, Bleu Score: 1.0078311297997886
2024-04-16 04:41:06,806:INFO: -------- Save Best Model! --------
2024-04-16 04:49:04,577:INFO: Epoch: 11, loss: 6.693149566650391
2024-04-16 04:59:03,295:INFO: Epoch: 11, Dev loss: 6.6543288230896, Bleu Score: 1.280189781837161
2024-04-16 04:59:07,878:INFO: -------- Save Best Model! --------
2024-04-16 05:07:06,043:INFO: Epoch: 12, loss: 6.588165760040283
2024-04-16 05:17:25,719:INFO: Epoch: 12, Dev loss: 6.559859752655029, Bleu Score: 1.5715579220506466
2024-04-16 05:17:30,187:INFO: -------- Save Best Model! --------
2024-04-16 05:25:26,677:INFO: Epoch: 13, loss: 6.488521099090576
2024-04-16 05:35:52,534:INFO: Epoch: 13, Dev loss: 6.472273349761963, Bleu Score: 1.9364735657853345
2024-04-16 05:35:56,971:INFO: -------- Save Best Model! --------
2024-04-16 05:43:53,011:INFO: Epoch: 14, loss: 6.3936614990234375
2024-04-16 05:53:22,689:INFO: Epoch: 14, Dev loss: 6.373728275299072, Bleu Score: 2.2794038295339574
2024-04-16 05:53:27,085:INFO: -------- Save Best Model! --------
2024-04-16 06:01:22,881:INFO: Epoch: 15, loss: 6.302560806274414
2024-04-16 06:10:50,349:INFO: Epoch: 15, Dev loss: 6.293962001800537, Bleu Score: 2.7201416568897985
2024-04-16 06:10:54,994:INFO: -------- Save Best Model! --------
2024-04-16 06:18:52,208:INFO: Epoch: 16, loss: 6.213224411010742
2024-04-16 06:28:14,474:INFO: Epoch: 16, Dev loss: 6.204161167144775, Bleu Score: 3.2014943513241145
2024-04-16 06:28:19,232:INFO: -------- Save Best Model! --------
2024-04-16 06:36:17,314:INFO: Epoch: 17, loss: 6.125917434692383
2024-04-16 06:45:26,957:INFO: Epoch: 17, Dev loss: 6.128686428070068, Bleu Score: 3.7428591297951055
2024-04-16 06:45:32,838:INFO: -------- Save Best Model! --------
2024-04-16 06:53:31,318:INFO: Epoch: 18, loss: 6.04123067855835
2024-04-16 07:02:08,715:INFO: Epoch: 18, Dev loss: 6.045350074768066, Bleu Score: 4.182480760225963
2024-04-16 07:02:13,413:INFO: -------- Save Best Model! --------
2024-04-16 07:10:10,714:INFO: Epoch: 19, loss: 5.956665992736816
2024-04-16 07:18:34,399:INFO: Epoch: 19, Dev loss: 5.968349456787109, Bleu Score: 4.895082278536197
2024-04-16 07:18:39,017:INFO: -------- Save Best Model! --------
2024-04-16 07:26:35,596:INFO: Epoch: 20, loss: 5.873733997344971
2024-04-16 07:34:42,659:INFO: Epoch: 20, Dev loss: 5.892703056335449, Bleu Score: 5.468498375979034
2024-04-16 07:34:47,119:INFO: -------- Save Best Model! --------
2024-04-16 07:42:43,493:INFO: Epoch: 21, loss: 5.791954040527344
2024-04-16 07:50:48,632:INFO: Epoch: 21, Dev loss: 5.815454006195068, Bleu Score: 6.18743122126632
2024-04-16 07:50:53,260:INFO: -------- Save Best Model! --------
2024-04-16 07:58:50,085:INFO: Epoch: 22, loss: 5.710501194000244
2024-04-16 08:07:02,680:INFO: Epoch: 22, Dev loss: 5.741754531860352, Bleu Score: 6.940955848930261
2024-04-16 08:07:07,202:INFO: -------- Save Best Model! --------
2024-04-16 08:15:04,344:INFO: Epoch: 23, loss: 5.629734039306641
2024-04-16 08:22:38,235:INFO: Epoch: 23, Dev loss: 5.663391590118408, Bleu Score: 7.599046944524747
2024-04-16 08:22:42,666:INFO: -------- Save Best Model! --------
2024-04-16 08:30:39,874:INFO: Epoch: 24, loss: 5.5493550300598145
2024-04-16 08:38:19,436:INFO: Epoch: 24, Dev loss: 5.590857028961182, Bleu Score: 8.332698595632968
2024-04-16 08:38:23,884:INFO: -------- Save Best Model! --------
2024-04-16 08:46:21,422:INFO: Epoch: 25, loss: 5.469847202301025
2024-04-16 08:54:10,978:INFO: Epoch: 25, Dev loss: 5.5198469161987305, Bleu Score: 9.022677549238493
2024-04-16 08:54:15,291:INFO: -------- Save Best Model! --------
2024-04-16 09:02:10,578:INFO: Epoch: 26, loss: 5.391489505767822
2024-04-16 09:09:55,632:INFO: Epoch: 26, Dev loss: 5.450121879577637, Bleu Score: 9.990422229557208
2024-04-16 09:09:59,976:INFO: -------- Save Best Model! --------
2024-04-16 09:17:57,464:INFO: Epoch: 27, loss: 5.314597129821777
2024-04-16 09:25:51,988:INFO: Epoch: 27, Dev loss: 5.377464294433594, Bleu Score: 10.586197107550246
2024-04-16 09:25:57,372:INFO: -------- Save Best Model! --------
2024-04-16 09:33:55,394:INFO: Epoch: 28, loss: 5.239447116851807
2024-04-16 09:41:44,884:INFO: Epoch: 28, Dev loss: 5.317674160003662, Bleu Score: 11.457510271373236
2024-04-16 09:41:50,477:INFO: -------- Save Best Model! --------
2024-04-16 09:49:49,723:INFO: Epoch: 29, loss: 5.164124965667725
2024-04-16 09:57:34,108:INFO: Epoch: 29, Dev loss: 5.245913982391357, Bleu Score: 12.019710124944732
2024-04-16 09:57:39,959:INFO: -------- Save Best Model! --------
2024-04-16 10:05:38,859:INFO: Epoch: 30, loss: 5.092191219329834
2024-04-16 10:13:14,492:INFO: Epoch: 30, Dev loss: 5.186293601989746, Bleu Score: 12.676979630126795
2024-04-16 10:13:19,299:INFO: -------- Save Best Model! --------
2024-04-16 10:21:16,585:INFO: Epoch: 31, loss: 5.020925521850586
2024-04-16 10:28:48,041:INFO: Epoch: 31, Dev loss: 5.127612590789795, Bleu Score: 13.32018494774988
2024-04-16 10:28:52,278:INFO: -------- Save Best Model! --------
2024-04-16 10:36:48,569:INFO: Epoch: 32, loss: 4.951467514038086
