2024-03-29 16:52:12,701:INFO: -------- Dataset Build! --------
2024-03-29 16:52:12,701:INFO: -------- Get Dataloader! --------
2024-03-29 16:58:01,489:INFO: Epoch: 1, loss: 9.197153091430664
2024-03-29 17:13:37,302:INFO: Epoch: 1, Dev loss: 8.122681617736816, Bleu Score: 0.0005265589651466317
2024-03-29 17:13:38,685:INFO: -------- Save Best Model! --------
2024-03-29 17:19:21,462:INFO: Epoch: 2, loss: 7.8232197761535645
2024-03-29 18:13:47,062:INFO: Epoch: 2, Dev loss: 7.531662940979004, Bleu Score: 0.026934850588323574
2024-03-29 18:13:48,150:INFO: -------- Save Best Model! --------
2024-03-29 18:19:32,076:INFO: Epoch: 3, loss: 7.296075344085693
2024-03-29 18:51:09,628:INFO: Epoch: 3, Dev loss: 7.000250339508057, Bleu Score: 0.6298175198463798
2024-03-29 18:51:10,679:INFO: -------- Save Best Model! --------
2024-03-29 18:56:55,968:INFO: Epoch: 4, loss: 6.7271342277526855
2024-03-29 19:30:08,575:INFO: Epoch: 4, Dev loss: 6.4267072677612305, Bleu Score: 2.159144048728815
2024-03-29 19:30:09,952:INFO: -------- Save Best Model! --------
2024-03-29 19:35:53,541:INFO: Epoch: 5, loss: 6.148014068603516
2024-03-29 19:57:23,058:INFO: Epoch: 5, Dev loss: 5.839264869689941, Bleu Score: 6.444967614050899
2024-03-29 19:57:24,270:INFO: -------- Save Best Model! --------
2024-03-29 20:03:08,404:INFO: Epoch: 6, loss: 5.5432939529418945
2024-03-29 20:24:51,231:INFO: Epoch: 6, Dev loss: 5.250040531158447, Bleu Score: 13.012086974743488
2024-03-29 20:24:52,321:INFO: -------- Save Best Model! --------
2024-03-29 20:30:35,860:INFO: Epoch: 7, loss: 4.933957576751709
2024-03-29 20:46:47,987:INFO: Epoch: 7, Dev loss: 4.693439960479736, Bleu Score: 17.103130216437943
2024-03-29 20:46:49,170:INFO: -------- Save Best Model! --------
2024-03-29 20:52:32,705:INFO: Epoch: 8, loss: 4.3865766525268555
2024-03-29 21:07:57,401:INFO: Epoch: 8, Dev loss: 4.289069175720215, Bleu Score: 20.63500635795593
2024-03-29 21:07:58,678:INFO: -------- Save Best Model! --------
2024-03-29 21:13:42,759:INFO: Epoch: 9, loss: 3.9361798763275146
2024-03-29 21:28:34,471:INFO: Epoch: 9, Dev loss: 4.003999710083008, Bleu Score: 22.90753183669762
2024-03-29 21:28:35,570:INFO: -------- Save Best Model! --------
2024-03-29 21:34:19,882:INFO: Epoch: 10, loss: 3.5762887001037598
2024-03-29 21:50:52,984:INFO: Epoch: 10, Dev loss: 3.7767772674560547, Bleu Score: 25.254075833935566
2024-03-29 21:50:54,056:INFO: -------- Save Best Model! --------
2024-03-29 21:56:38,117:INFO: Epoch: 11, loss: 3.2835707664489746
2024-03-29 22:12:39,505:INFO: Epoch: 11, Dev loss: 3.6325907707214355, Bleu Score: 26.17254035317925
2024-03-29 22:12:40,736:INFO: -------- Save Best Model! --------
2024-03-29 22:18:25,618:INFO: Epoch: 12, loss: 3.0362837314605713
2024-03-29 22:35:40,306:INFO: Epoch: 12, Dev loss: 3.5535411834716797, Bleu Score: 27.125470410655186
2024-03-29 22:35:41,421:INFO: -------- Save Best Model! --------
2024-03-29 22:41:24,231:INFO: Epoch: 13, loss: 2.8210339546203613
2024-03-29 22:57:05,100:INFO: Epoch: 13, Dev loss: 3.5066068172454834, Bleu Score: 26.689245595875096
2024-03-29 22:57:05,101:INFO: Early Stop Left: 4
2024-03-29 23:02:50,032:INFO: Epoch: 14, loss: 2.626250743865967
2024-03-29 23:19:55,757:INFO: Epoch: 14, Dev loss: 3.4964592456817627, Bleu Score: 27.49053762930501
2024-03-29 23:19:57,051:INFO: -------- Save Best Model! --------
2024-03-29 23:25:38,338:INFO: Epoch: 15, loss: 2.4454238414764404
2024-03-29 23:42:11,664:INFO: Epoch: 15, Dev loss: 3.5114152431488037, Bleu Score: 27.2814502658221
2024-03-29 23:42:11,665:INFO: Early Stop Left: 4
2024-03-29 23:47:55,717:INFO: Epoch: 16, loss: 2.2346792221069336
2024-03-30 00:04:36,556:INFO: Epoch: 16, Dev loss: 3.5241730213165283, Bleu Score: 27.455275954083305
2024-03-30 00:04:36,557:INFO: Early Stop Left: 3
2024-03-30 00:10:20,703:INFO: Epoch: 17, loss: 2.029026746749878
2024-03-30 00:27:48,548:INFO: Epoch: 17, Dev loss: 3.577321767807007, Bleu Score: 27.39389163638147
2024-03-30 00:27:48,548:INFO: Early Stop Left: 2
2024-03-30 00:33:30,735:INFO: Epoch: 18, loss: 1.8386061191558838
2024-03-30 00:51:07,656:INFO: Epoch: 18, Dev loss: 3.6559975147247314, Bleu Score: 27.274569048168775
2024-03-30 00:51:07,657:INFO: Early Stop Left: 1
2024-03-30 00:56:51,268:INFO: Epoch: 19, loss: 1.6681311130523682
2024-03-30 01:13:37,717:INFO: Epoch: 19, Dev loss: 3.7411510944366455, Bleu Score: 27.009117833152548
2024-03-30 01:13:37,718:INFO: Early Stop Left: 0
2024-03-30 01:13:37,718:INFO: -------- Early Stop! --------
2024-03-30 01:48:42,472:INFO: Test loss: 3.504915237426758,  Bleu Score: 27.33191737146287
