2024-04-16 21:29:23,349:INFO: -------- Dataset Build! --------
2024-04-16 21:29:23,356:INFO: -------- Get Dataloader! --------
2024-04-16 21:37:37,518:INFO: Epoch: 1, loss: 7.918545246124268
2024-04-16 22:02:53,071:INFO: Epoch: 1, Dev loss: 7.385837554931641, Bleu Score: 0.1137646297159783
2024-04-16 22:02:57,486:INFO: -------- Save Best Model! --------
2024-04-16 22:10:54,102:INFO: Epoch: 2, loss: 7.099984645843506
2024-04-16 22:25:28,726:INFO: Epoch: 2, Dev loss: 6.792989730834961, Bleu Score: 0.9860057782584438
2024-04-16 22:25:33,204:INFO: -------- Save Best Model! --------
2024-04-16 22:33:28,029:INFO: Epoch: 3, loss: 6.541296482086182
2024-04-16 22:47:32,408:INFO: Epoch: 3, Dev loss: 6.292113304138184, Bleu Score: 3.311565028163041
2024-04-16 22:47:36,990:INFO: -------- Save Best Model! --------
2024-04-16 22:55:33,985:INFO: Epoch: 4, loss: 6.078908443450928
2024-04-16 23:06:59,596:INFO: Epoch: 4, Dev loss: 5.876193523406982, Bleu Score: 5.962264153147366
2024-04-16 23:07:04,129:INFO: -------- Save Best Model! --------
2024-04-16 23:15:00,581:INFO: Epoch: 5, loss: 5.669212341308594
2024-04-16 23:26:21,610:INFO: Epoch: 5, Dev loss: 5.498292446136475, Bleu Score: 9.561385171828043
2024-04-16 23:26:26,066:INFO: -------- Save Best Model! --------
2024-04-16 23:34:22,951:INFO: Epoch: 6, loss: 5.288931846618652
2024-04-16 23:46:06,011:INFO: Epoch: 6, Dev loss: 5.156927108764648, Bleu Score: 13.250902338611608
2024-04-16 23:46:10,355:INFO: -------- Save Best Model! --------
2024-04-16 23:54:06,063:INFO: Epoch: 7, loss: 4.940849304199219
2024-04-17 00:05:33,945:INFO: Epoch: 7, Dev loss: 4.867199420928955, Bleu Score: 16.274613103864173
2024-04-17 00:05:38,476:INFO: -------- Save Best Model! --------
2024-04-17 00:13:35,776:INFO: Epoch: 8, loss: 4.629344463348389
2024-04-17 00:24:05,674:INFO: Epoch: 8, Dev loss: 4.618227958679199, Bleu Score: 18.646603557152265
2024-04-17 00:24:09,907:INFO: -------- Save Best Model! --------
2024-04-17 00:32:06,442:INFO: Epoch: 9, loss: 4.355763912200928
2024-04-17 00:42:14,756:INFO: Epoch: 9, Dev loss: 4.408707618713379, Bleu Score: 20.556865394797242
2024-04-17 00:42:19,140:INFO: -------- Save Best Model! --------
2024-04-17 00:50:15,925:INFO: Epoch: 10, loss: 4.116544723510742
2024-04-17 01:00:47,642:INFO: Epoch: 10, Dev loss: 4.246345520019531, Bleu Score: 22.36259739222153
2024-04-17 01:00:52,138:INFO: -------- Save Best Model! --------
2024-04-17 01:08:49,370:INFO: Epoch: 11, loss: 3.9081411361694336
2024-04-17 01:18:56,706:INFO: Epoch: 11, Dev loss: 4.110589504241943, Bleu Score: 23.46004444586099
2024-04-17 01:19:01,214:INFO: -------- Save Best Model! --------
2024-04-17 01:26:57,046:INFO: Epoch: 12, loss: 3.7219464778900146
2024-04-17 01:36:51,623:INFO: Epoch: 12, Dev loss: 3.9964911937713623, Bleu Score: 24.261840391894864
2024-04-17 01:36:57,688:INFO: -------- Save Best Model! --------
2024-04-17 01:44:54,601:INFO: Epoch: 13, loss: 3.557002067565918
2024-04-17 01:54:50,819:INFO: Epoch: 13, Dev loss: 3.900789260864258, Bleu Score: 24.921646516014683
2024-04-17 01:54:55,324:INFO: -------- Save Best Model! --------
2024-04-17 02:02:52,626:INFO: Epoch: 14, loss: 3.4090356826782227
2024-04-17 02:12:30,011:INFO: Epoch: 14, Dev loss: 3.8367979526519775, Bleu Score: 25.530103707441672
2024-04-17 02:12:34,595:INFO: -------- Save Best Model! --------
2024-04-17 02:20:32,789:INFO: Epoch: 15, loss: 3.274643659591675
2024-04-17 02:30:01,968:INFO: Epoch: 15, Dev loss: 3.7788240909576416, Bleu Score: 26.026578184553358
2024-04-17 02:30:06,418:INFO: -------- Save Best Model! --------
2024-04-17 02:38:03,437:INFO: Epoch: 16, loss: 3.150385618209839
2024-04-17 02:47:44,698:INFO: Epoch: 16, Dev loss: 3.728405475616455, Bleu Score: 26.549918696462804
2024-04-17 02:47:48,982:INFO: -------- Save Best Model! --------
2024-04-17 02:55:44,731:INFO: Epoch: 17, loss: 3.0348596572875977
2024-04-17 03:05:47,301:INFO: Epoch: 17, Dev loss: 3.692521095275879, Bleu Score: 26.92553123374284
2024-04-17 03:05:52,011:INFO: -------- Save Best Model! --------
2024-04-17 03:13:47,756:INFO: Epoch: 18, loss: 2.926632881164551
2024-04-17 03:23:34,679:INFO: Epoch: 18, Dev loss: 3.661736011505127, Bleu Score: 26.983100969634435
2024-04-17 03:23:38,935:INFO: -------- Save Best Model! --------
2024-04-17 03:31:35,163:INFO: Epoch: 19, loss: 2.8253791332244873
2024-04-17 03:41:21,537:INFO: Epoch: 19, Dev loss: 3.6363141536712646, Bleu Score: 27.426881788859387
2024-04-17 03:41:25,728:INFO: -------- Save Best Model! --------
2024-04-17 03:49:22,515:INFO: Epoch: 20, loss: 2.729461669921875
2024-04-17 03:58:59,745:INFO: Epoch: 20, Dev loss: 3.622694730758667, Bleu Score: 27.492469888658743
2024-04-17 03:59:03,912:INFO: -------- Save Best Model! --------
2024-04-17 04:07:00,702:INFO: Epoch: 21, loss: 2.6375253200531006
2024-04-17 04:16:41,315:INFO: Epoch: 21, Dev loss: 3.6086175441741943, Bleu Score: 27.63735119372113
2024-04-17 04:16:45,530:INFO: -------- Save Best Model! --------
2024-04-17 04:24:41,861:INFO: Epoch: 22, loss: 2.5492985248565674
2024-04-17 04:34:22,385:INFO: Epoch: 22, Dev loss: 3.6033833026885986, Bleu Score: 27.7616255895833
2024-04-17 04:34:26,547:INFO: -------- Save Best Model! --------
2024-04-17 04:42:23,194:INFO: Epoch: 23, loss: 2.4660704135894775
2024-04-17 04:51:40,988:INFO: Epoch: 23, Dev loss: 3.6216988563537598, Bleu Score: 27.52005442013071
2024-04-17 04:51:40,989:INFO: Early Stop Left: 4
2024-04-17 04:59:38,370:INFO: Epoch: 24, loss: 2.3840935230255127
2024-04-17 05:09:28,654:INFO: Epoch: 24, Dev loss: 3.600550413131714, Bleu Score: 27.88418523032556
2024-04-17 05:09:34,163:INFO: -------- Save Best Model! --------
2024-04-17 05:17:31,628:INFO: Epoch: 25, loss: 2.3051884174346924
2024-04-17 05:26:58,878:INFO: Epoch: 25, Dev loss: 3.615100145339966, Bleu Score: 27.592998587935163
2024-04-17 05:26:58,879:INFO: Early Stop Left: 4
2024-04-17 05:34:55,436:INFO: Epoch: 26, loss: 2.2284367084503174
2024-04-17 05:44:28,484:INFO: Epoch: 26, Dev loss: 3.6261684894561768, Bleu Score: 27.78858860957098
2024-04-17 05:44:28,488:INFO: Early Stop Left: 3
2024-04-17 05:52:25,255:INFO: Epoch: 27, loss: 2.153977870941162
2024-04-17 06:02:05,248:INFO: Epoch: 27, Dev loss: 3.6378207206726074, Bleu Score: 27.909111930727512
2024-04-17 06:02:09,390:INFO: -------- Save Best Model! --------
2024-04-17 06:10:06,204:INFO: Epoch: 28, loss: 2.083488702774048
2024-04-17 06:19:29,885:INFO: Epoch: 28, Dev loss: 3.654275894165039, Bleu Score: 27.602293624337946
2024-04-17 06:19:29,898:INFO: Early Stop Left: 4
2024-04-17 06:27:26,839:INFO: Epoch: 29, loss: 2.011247158050537
2024-04-17 06:37:07,476:INFO: Epoch: 29, Dev loss: 3.6751010417938232, Bleu Score: 27.71395888081698
2024-04-17 06:37:07,477:INFO: Early Stop Left: 3
2024-04-17 06:45:04,506:INFO: Epoch: 30, loss: 1.9440480470657349
2024-04-17 06:54:51,928:INFO: Epoch: 30, Dev loss: 3.6821534633636475, Bleu Score: 27.75388413000614
2024-04-17 06:54:51,928:INFO: Early Stop Left: 2
2024-04-17 07:02:50,124:INFO: Epoch: 31, loss: 1.8781425952911377
2024-04-17 07:12:24,328:INFO: Epoch: 31, Dev loss: 3.717564344406128, Bleu Score: 27.595904127173863
2024-04-17 07:12:24,336:INFO: Early Stop Left: 1
2024-04-17 07:20:19,859:INFO: Epoch: 32, loss: 1.812877893447876
2024-04-17 07:30:08,674:INFO: Epoch: 32, Dev loss: 3.740856170654297, Bleu Score: 27.63554319392195
2024-04-17 07:30:08,675:INFO: Early Stop Left: 0
2024-04-17 07:30:08,675:INFO: -------- Early Stop! --------
2024-04-17 07:50:34,242:INFO: Test loss: 3.644394636154175,  Bleu Score: 27.846640311954463
