2024-04-16 10:47:10,865:INFO: -------- Dataset Build! --------
2024-04-16 10:47:10,866:INFO: -------- Get Dataloader! --------
2024-04-16 10:55:12,259:INFO: Epoch: 1, loss: 7.240328788757324
2024-04-16 11:07:26,030:INFO: Epoch: 1, Dev loss: 6.479640007019043, Bleu Score: 1.6031538691582312
2024-04-16 11:07:27,137:INFO: -------- Save Best Model! --------
2024-04-16 11:15:22,441:INFO: Epoch: 2, loss: 5.944981098175049
2024-04-16 11:25:17,609:INFO: Epoch: 2, Dev loss: 5.463225841522217, Bleu Score: 7.085861744340679
2024-04-16 11:25:18,893:INFO: -------- Save Best Model! --------
2024-04-16 11:33:13,643:INFO: Epoch: 3, loss: 4.980921745300293
2024-04-16 11:42:00,081:INFO: Epoch: 3, Dev loss: 4.7149176597595215, Bleu Score: 13.347112579186119
2024-04-16 11:42:03,628:INFO: -------- Save Best Model! --------
2024-04-16 11:50:00,306:INFO: Epoch: 4, loss: 4.2231764793396
2024-04-16 11:58:09,054:INFO: Epoch: 4, Dev loss: 4.222695350646973, Bleu Score: 17.33890978578804
2024-04-16 11:58:10,316:INFO: -------- Save Best Model! --------
2024-04-16 12:06:05,966:INFO: Epoch: 5, loss: 3.6701769828796387
2024-04-16 12:14:29,386:INFO: Epoch: 5, Dev loss: 3.954153060913086, Bleu Score: 20.247877754289185
2024-04-16 12:14:30,895:INFO: -------- Save Best Model! --------
2024-04-16 12:22:27,393:INFO: Epoch: 6, loss: 3.256885051727295
2024-04-16 12:31:02,408:INFO: Epoch: 6, Dev loss: 3.8176677227020264, Bleu Score: 21.565664537522494
2024-04-16 12:31:03,653:INFO: -------- Save Best Model! --------
2024-04-16 12:38:59,613:INFO: Epoch: 7, loss: 2.929201364517212
2024-04-16 12:47:05,589:INFO: Epoch: 7, Dev loss: 3.755570888519287, Bleu Score: 22.050088096385277
2024-04-16 12:47:08,325:INFO: -------- Save Best Model! --------
2024-04-16 12:55:04,601:INFO: Epoch: 8, loss: 2.652616500854492
2024-04-16 13:03:01,479:INFO: Epoch: 8, Dev loss: 3.75270414352417, Bleu Score: 22.48696460241929
2024-04-16 13:03:03,894:INFO: -------- Save Best Model! --------
2024-04-16 13:10:59,940:INFO: Epoch: 9, loss: 2.410153388977051
2024-04-16 13:18:55,867:INFO: Epoch: 9, Dev loss: 3.788911819458008, Bleu Score: 22.442838241098972
2024-04-16 13:18:55,867:INFO: Early Stop Left: 4
2024-04-16 13:26:52,561:INFO: Epoch: 10, loss: 2.1966514587402344
2024-04-16 13:34:49,089:INFO: Epoch: 10, Dev loss: 3.841651439666748, Bleu Score: 22.395343852830635
2024-04-16 13:34:49,090:INFO: Early Stop Left: 3
2024-04-16 13:42:45,818:INFO: Epoch: 11, loss: 2.0064525604248047
2024-04-16 13:50:44,907:INFO: Epoch: 11, Dev loss: 3.929673433303833, Bleu Score: 22.4674072722748
2024-04-16 13:50:44,908:INFO: Early Stop Left: 2
2024-04-16 13:58:40,907:INFO: Epoch: 12, loss: 1.8386720418930054
2024-04-16 14:06:51,403:INFO: Epoch: 12, Dev loss: 4.012885570526123, Bleu Score: 22.71108844278752
2024-04-16 14:07:01,242:INFO: -------- Save Best Model! --------
2024-04-16 14:15:01,650:INFO: Epoch: 13, loss: 1.6918483972549438
2024-04-16 14:22:55,407:INFO: Epoch: 13, Dev loss: 4.117027282714844, Bleu Score: 22.26914400099119
2024-04-16 14:22:55,440:INFO: Early Stop Left: 4
2024-04-16 14:30:54,133:INFO: Epoch: 14, loss: 1.5624538660049438
2024-04-16 14:39:08,580:INFO: Epoch: 14, Dev loss: 4.2093281745910645, Bleu Score: 22.374062142426332
2024-04-16 14:39:08,586:INFO: Early Stop Left: 3
2024-04-16 14:47:08,114:INFO: Epoch: 15, loss: 1.44648015499115
2024-04-16 14:55:23,888:INFO: Epoch: 15, Dev loss: 4.33040189743042, Bleu Score: 22.424621634430743
2024-04-16 14:55:23,980:INFO: Early Stop Left: 2
2024-04-16 15:03:19,945:INFO: Epoch: 16, loss: 1.3447016477584839
2024-04-16 15:11:34,523:INFO: Epoch: 16, Dev loss: 4.40600061416626, Bleu Score: 21.873981397021712
2024-04-16 15:11:34,524:INFO: Early Stop Left: 1
2024-04-16 15:19:31,909:INFO: Epoch: 17, loss: 1.2551614046096802
2024-04-16 15:28:03,429:INFO: Epoch: 17, Dev loss: 4.5403547286987305, Bleu Score: 21.707577301145516
2024-04-16 15:28:03,430:INFO: Early Stop Left: 0
2024-04-16 15:28:03,430:INFO: -------- Early Stop! --------
2024-04-16 15:45:29,341:INFO: Test loss: 4.021211624145508,  Bleu Score: 22.606400478219904
