2024-04-16 00:58:29,265:INFO: -------- Dataset Build! --------
2024-04-16 00:58:29,266:INFO: -------- Get Dataloader! --------
2024-04-16 01:06:26,179:INFO: Epoch: 1, loss: 1580.0887451171875
2024-04-16 01:45:14,515:INFO: Epoch: 1, Dev loss: 1729.161865234375, Bleu Score: 0.000408913116014123
2024-04-16 01:45:15,622:INFO: -------- Save Best Model! --------
2024-04-16 01:53:09,024:INFO: Epoch: 2, loss: 1582.803955078125
2024-04-16 02:32:15,616:INFO: Epoch: 2, Dev loss: 2848.277099609375, Bleu Score: 0.00021081209509014125
2024-04-16 02:32:15,616:INFO: Early Stop Left: 4
2024-04-16 02:40:09,200:INFO: Epoch: 3, loss: 1891.7493896484375
2024-04-16 03:19:30,662:INFO: Epoch: 3, Dev loss: 2327.93505859375, Bleu Score: 0.00012151434536788752
2024-04-16 03:19:30,662:INFO: Early Stop Left: 3
2024-04-16 03:27:22,753:INFO: Epoch: 4, loss: 1890.5206298828125
2024-04-16 04:06:15,616:INFO: Epoch: 4, Dev loss: 1646.370849609375, Bleu Score: 0.000606310656662333
2024-04-16 04:06:16,727:INFO: -------- Save Best Model! --------
2024-04-16 04:14:07,943:INFO: Epoch: 5, loss: 1591.0054931640625
2024-04-16 04:53:12,963:INFO: Epoch: 5, Dev loss: 1596.24609375, Bleu Score: 0.010630417493103355
2024-04-16 04:53:14,462:INFO: -------- Save Best Model! --------
2024-04-16 05:01:05,164:INFO: Epoch: 6, loss: 1422.4266357421875
2024-04-16 05:40:04,163:INFO: Epoch: 6, Dev loss: 3073.81591796875, Bleu Score: 0.0030285044623722156
2024-04-16 05:40:04,164:INFO: Early Stop Left: 4
2024-04-16 05:47:55,561:INFO: Epoch: 7, loss: 1496.827392578125
2024-04-16 06:26:57,708:INFO: Epoch: 7, Dev loss: 1497.29736328125, Bleu Score: 0.004181269734450249
2024-04-16 06:26:57,709:INFO: Early Stop Left: 3
2024-04-16 06:34:47,503:INFO: Epoch: 8, loss: 1457.580322265625
2024-04-16 07:13:47,657:INFO: Epoch: 8, Dev loss: 1225.802001953125, Bleu Score: 0.0013891716186140478
2024-04-16 07:13:47,658:INFO: Early Stop Left: 2
2024-04-16 07:21:37,821:INFO: Epoch: 9, loss: 1411.407470703125
2024-04-16 08:00:30,808:INFO: Epoch: 9, Dev loss: 1703.2794189453125, Bleu Score: 0.0008279121213516362
2024-04-16 08:00:30,809:INFO: Early Stop Left: 1
2024-04-16 08:08:20,913:INFO: Epoch: 10, loss: 1929.722900390625
2024-04-16 08:47:16,408:INFO: Epoch: 10, Dev loss: 1712.3055419921875, Bleu Score: 0.0004702001121815389
2024-04-16 08:47:16,408:INFO: Early Stop Left: 0
2024-04-16 08:47:16,409:INFO: -------- Early Stop! --------
2024-04-16 10:06:18,655:INFO: Test loss: 1596.4580078125,  Bleu Score: 0.010147726633441786
