2024-04-16 00:58:21,440:INFO: -------- Dataset Build! --------
2024-04-16 00:58:21,440:INFO: -------- Get Dataloader! --------
2024-04-16 01:06:20,290:INFO: Epoch: 1, loss: 15.937996864318848
2024-04-16 01:45:44,983:INFO: Epoch: 1, Dev loss: 460.72430419921875, Bleu Score: 0.0003122611631325094
2024-04-16 01:45:46,080:INFO: -------- Save Best Model! --------
2024-04-16 01:53:40,518:INFO: Epoch: 2, loss: 51.17285919189453
2024-04-16 02:33:08,765:INFO: Epoch: 2, Dev loss: 8.19936752319336, Bleu Score: 6.469475553352142e-05
2024-04-16 02:33:08,766:INFO: Early Stop Left: 4
2024-04-16 02:41:04,433:INFO: Epoch: 3, loss: 8.200121879577637
2024-04-16 03:20:40,313:INFO: Epoch: 3, Dev loss: 8.273221015930176, Bleu Score: 6.469475553352142e-05
2024-04-16 03:20:40,314:INFO: Early Stop Left: 3
2024-04-16 03:28:35,970:INFO: Epoch: 4, loss: 8.18661880493164
2024-04-16 04:08:10,017:INFO: Epoch: 4, Dev loss: 8.110363006591797, Bleu Score: 6.469475553352142e-05
2024-04-16 04:08:10,018:INFO: Early Stop Left: 2
2024-04-16 04:16:04,579:INFO: Epoch: 5, loss: 8.173823356628418
2024-04-16 04:55:32,226:INFO: Epoch: 5, Dev loss: 8.249215126037598, Bleu Score: 6.469475553352142e-05
2024-04-16 04:55:32,226:INFO: Early Stop Left: 1
2024-04-16 05:03:27,703:INFO: Epoch: 6, loss: 8.237445831298828
2024-04-16 05:42:54,946:INFO: Epoch: 6, Dev loss: 8.378405570983887, Bleu Score: 6.469475553352142e-05
2024-04-16 05:42:54,947:INFO: Early Stop Left: 0
2024-04-16 05:42:54,947:INFO: -------- Early Stop! --------
2024-04-16 07:03:04,746:INFO: Test loss: 460.1956787109375,  Bleu Score: 0.00024312177849293475
